0 info it worked if it ends with ok
1 verbose cli [
1 verbose cli   '/Users/kosborn/.asdf/installs/nodejs/16.13.0/bin/node',
1 verbose cli   '/Users/kosborn/git/fulcrumapp/fulcrum-query-sql/node_modules/.bin/npm',
1 verbose cli   'run',
1 verbose cli   'lint'
1 verbose cli ]
2 info using npm@3.10.10
3 info using node@v16.13.0
4 verbose run-script [ 'prelint', 'lint', 'postlint' ]
5 info lifecycle fulcrum-query-sql@0.6.2~prelint: fulcrum-query-sql@0.6.2
6 silly lifecycle fulcrum-query-sql@0.6.2~prelint: no script for prelint, continuing
7 info lifecycle fulcrum-query-sql@0.6.2~lint: fulcrum-query-sql@0.6.2
8 verbose lifecycle fulcrum-query-sql@0.6.2~lint: unsafe-perm in lifecycle true
9 verbose lifecycle fulcrum-query-sql@0.6.2~lint: PATH: /Users/kosborn/git/fulcrumapp/fulcrum-query-sql/node_modules/npm/bin/node-gyp-bin:/Users/kosborn/git/fulcrumapp/fulcrum-query-sql/node_modules/.bin:/Users/kosborn/.asdf/installs/nodejs/16.13.0/bin:/var/folders/hb/ng8dq8b94z50ryydby6y7v580000gq/T/yarn--1667428553839-0.6695376766283752:/Users/kosborn/git/fulcrumapp/fulcrum-query-sql/node_modules/.bin:/Users/kosborn/.config/yarn/link/node_modules/.bin:/Users/kosborn/.asdf/installs/nodejs/16.13.0/libexec/lib/node_modules/npm/bin/node-gyp-bin:/Users/kosborn/.asdf/installs/nodejs/16.13.0/lib/node_modules/npm/bin/node-gyp-bin:/Users/kosborn/.asdf/installs/nodejs/16.13.0/bin/node_modules/npm/bin/node-gyp-bin:/Users/kosborn/.asdf/plugins/nodejs/shims:/Users/kosborn/.asdf/installs/nodejs/16.13.0/.npm/bin:/Users/kosborn/.asdf/installs/nodejs/16.13.0/bin:/Users/kosborn/.asdf/installs/yarn/1.22.17/bin:/Users/kosborn/.rd/bin:/Users/kosborn/go/bin:/Users/kosborn/.asdf/shims:/usr/local/opt/asdf/libexec/bin:/usr/local/opt/curl/bin:/Users/kosborn/.fulcrum/go/bin:/Users/kosborn/bin:/usr/local/bin:/usr/local/bin:/usr/bin:/bin:/usr/sbin:/sbin:/Library/Apple/usr/bin:/Users/kosborn/jaeger:/usr/local/opt/go/libexec/bin
10 verbose lifecycle fulcrum-query-sql@0.6.2~lint: CWD: /Users/kosborn/git/fulcrumapp/fulcrum-query-sql
11 silly lifecycle fulcrum-query-sql@0.6.2~lint: Args: [ '-c', 'eslint src/* src/**/*' ]
12 silly lifecycle fulcrum-query-sql@0.6.2~lint: Returned: code: 1  signal: null
13 info lifecycle fulcrum-query-sql@0.6.2~lint: Failed to exec lint script
14 verbose stack Error: fulcrum-query-sql@0.6.2 lint: `eslint src/* src/**/*`
14 verbose stack Exit status 1
14 verbose stack     at EventEmitter.<anonymous> (/Users/kosborn/git/fulcrumapp/fulcrum-query-sql/node_modules/npm/lib/utils/lifecycle.js:255:16)
14 verbose stack     at EventEmitter.emit (node:events:390:28)
14 verbose stack     at ChildProcess.<anonymous> (/Users/kosborn/git/fulcrumapp/fulcrum-query-sql/node_modules/npm/lib/utils/spawn.js:40:14)
14 verbose stack     at ChildProcess.emit (node:events:390:28)
14 verbose stack     at maybeClose (node:internal/child_process:1064:16)
14 verbose stack     at Process.ChildProcess._handle.onexit (node:internal/child_process:301:5)
15 verbose pkgid fulcrum-query-sql@0.6.2
16 verbose cwd /Users/kosborn/git/fulcrumapp/fulcrum-query-sql
17 error Darwin 21.6.0
18 error argv "/Users/kosborn/.asdf/installs/nodejs/16.13.0/bin/node" "/Users/kosborn/git/fulcrumapp/fulcrum-query-sql/node_modules/.bin/npm" "run" "lint"
19 error node v16.13.0
20 error npm  v3.10.10
21 error code ELIFECYCLE
22 error fulcrum-query-sql@0.6.2 lint: `eslint src/* src/**/*`
22 error Exit status 1
23 error Failed at the fulcrum-query-sql@0.6.2 lint script 'eslint src/* src/**/*'.
23 error Make sure you have the latest version of node.js and npm installed.
23 error If you do, this is most likely a problem with the fulcrum-query-sql package,
23 error not with npm itself.
23 error Tell the author that this fails on your system:
23 error     eslint src/* src/**/*
23 error You can get information on how to open an issue for this project with:
23 error     npm bugs fulcrum-query-sql
23 error Or if that isn't available, you can get their info via:
23 error     npm owner ls fulcrum-query-sql
23 error There is likely additional logging output above.
24 verbose exit [ 1, true ]
